<?xml version="1.0" encoding="UTF-8"?>
<testsuite name="com.example.helloworld.HelloWorldApplicationTests" tests="1" skipped="0" failures="0" errors="0" timestamp="2024-07-10T18:32:06" hostname="PersonalMacBook.lan" time="0.691">
  <properties/>
  <testcase name="contextLoads()" classname="com.example.helloworld.HelloWorldApplicationTests" time="0.691"/>
  <system-out><![CDATA[14:32:04.480 [Test worker] INFO org.springframework.test.context.support.AnnotationConfigContextLoaderUtils -- Could not detect default configuration classes for test class [com.example.helloworld.HelloWorldApplicationTests]: HelloWorldApplicationTests does not declare any static, non-private, non-final, nested classes annotated with @Configuration.
14:32:04.587 [Test worker] INFO org.springframework.boot.test.context.SpringBootTestContextBootstrapper -- Found @SpringBootConfiguration com.example.helloworld.HelloWorldApplication for test class com.example.helloworld.HelloWorldApplicationTests

  .   ____          _            __ _ _
 /\\ / ___'_ __ _ _(_)_ __  __ _ \ \ \ \
( ( )\___ | '_ | '_| | '_ \/ _` | \ \ \ \
 \\/  ___)| |_)| | | | | || (_| |  ) ) ) )
  '  |____| .__|_| |_|_| |_\__, | / / / /
 =========|_|==============|___/=/_/_/_/
?[32m :: Spring Boot :: ?[39m              ?[2m (v3.1.1)?[0;39m

?[2m2024-07-10T14:32:05.159-04:00?[0;39m ?[32m INFO?[0;39m ?[35m1737?[0;39m ?[2m---?[0;39m ?[2m[    Test worker]?[0;39m ?[36mc.e.h.HelloWorldApplicationTests        ?[0;39m ?[2m:?[0;39m Starting HelloWorldApplicationTests using Java 22.0.1 with PID 1737 (started by paulaberggren in /Users/paulaberggren/codebase/helloworld_gradle)
?[2m2024-07-10T14:32:05.161-04:00?[0;39m ?[32m INFO?[0;39m ?[35m1737?[0;39m ?[2m---?[0;39m ?[2m[    Test worker]?[0;39m ?[36mc.e.h.HelloWorldApplicationTests        ?[0;39m ?[2m:?[0;39m No active profile set, falling back to 1 default profile: "default"
?[2m2024-07-10T14:32:06.439-04:00?[0;39m ?[32m INFO?[0;39m ?[35m1737?[0;39m ?[2m---?[0;39m ?[2m[    Test worker]?[0;39m ?[36mc.e.h.HelloWorldApplicationTests        ?[0;39m ?[2m:?[0;39m Started HelloWorldApplicationTests in 1.692 seconds (process running for 3.097)
]]></system-out>
  <system-err><![CDATA[WARNING: A Java agent has been loaded dynamically (/Users/paulaberggren/.gradle/caches/modules-2/files-2.1/net.bytebuddy/byte-buddy-agent/1.14.5/20f4e9b9d0ffb953657bfa4b92c0cceb27907d58/byte-buddy-agent-1.14.5.jar)
WARNING: If a serviceability tool is in use, please run with -XX:+EnableDynamicAgentLoading to hide this warning
WARNING: If a serviceability tool is not in use, please run with -Djdk.instrument.traceUsage for more information
WARNING: Dynamic loading of agents will be disallowed by default in a future release
]]></system-err>
</testsuite>
